<?xml version="1.0" encoding="UTF-8"?>
<testng-results skipped="0" failed="0" ignored="0" total="1" passed="1">
  <reporter-output>
  </reporter-output>
  <suite name="Default suite" duration-ms="127336" started-at="2018-03-19T16:07:38Z" finished-at="2018-03-19T16:09:46Z">
    <groups>
    </groups>
    <test name="Default test" duration-ms="127336" started-at="2018-03-19T16:07:38Z" finished-at="2018-03-19T16:09:46Z">
      <class name="com.ejercicioMl.MercadoCompareElements">
        <test-method status="PASS" signature="prepareClass()[pri:0, instance:com.ejercicioMl.MercadoCompareElements@4f18837a]" name="prepareClass" is-config="true" duration-ms="7828" started-at="2018-03-19T16:07:38Z" finished-at="2018-03-19T16:07:46Z">
          <reporter-output>
          </reporter-output>
        </test-method> <!-- prepareClass -->
        <test-method status="PASS" signature="prepareTest()[pri:0, instance:com.ejercicioMl.MercadoCompareElements@4f18837a]" name="prepareTest" is-config="true" duration-ms="23569" started-at="2018-03-19T16:07:46Z" finished-at="2018-03-19T16:08:10Z">
          <reporter-output>
          </reporter-output>
        </test-method> <!-- prepareTest -->
        <test-method status="PASS" signature="mercado()[pri:0, instance:com.ejercicioMl.MercadoCompareElements@4f18837a]" name="mercado" duration-ms="94191" started-at="2018-03-19T16:08:10Z" finished-at="2018-03-19T16:09:44Z">
          <reporter-output>
          </reporter-output>
        </test-method> <!-- mercado -->
        <test-method status="PASS" signature="cleanup()[pri:0, instance:com.ejercicioMl.MercadoCompareElements@4f18837a]" name="cleanup" is-config="true" duration-ms="1568" started-at="2018-03-19T16:09:44Z" finished-at="2018-03-19T16:09:46Z">
          <reporter-output>
          </reporter-output>
        </test-method> <!-- cleanup -->
      </class> <!-- com.ejercicioMl.MercadoCompareElements -->
    </test> <!-- Default test -->
  </suite> <!-- Default suite -->
</testng-results>
