<?xml version="1.0" encoding="UTF-8"?>
<testng-results skipped="0" failed="0" total="1" passed="1">
  <reporter-output>
  </reporter-output>
  <suite name="Default suite" duration-ms="83688" started-at="2018-03-19T22:37:52Z" finished-at="2018-03-19T22:39:16Z">
    <groups>
    </groups>
    <test name="Default test" duration-ms="83688" started-at="2018-03-19T22:37:52Z" finished-at="2018-03-19T22:39:16Z">
      <class name="com.MercadoMl.MercadoCompareElements">
        <test-method status="PASS" signature="prepareClass()[pri:0, instance:com.MercadoMl.MercadoCompareElements@61862a7f]" name="prepareClass" is-config="true" duration-ms="1498" started-at="2018-03-19T23:37:52Z" finished-at="2018-03-19T23:37:54Z">
          <reporter-output>
          </reporter-output>
        </test-method> <!-- prepareClass -->
        <test-method status="PASS" signature="prepareTest()[pri:0, instance:com.MercadoMl.MercadoCompareElements@61862a7f]" name="prepareTest" is-config="true" duration-ms="991" started-at="2018-03-19T23:37:54Z" finished-at="2018-03-19T23:37:55Z">
          <reporter-output>
          </reporter-output>
        </test-method> <!-- prepareTest -->
        <test-method status="PASS" signature="mercado()[pri:0, instance:com.MercadoMl.MercadoCompareElements@61862a7f]" name="mercado" duration-ms="81085" started-at="2018-03-19T23:37:55Z" finished-at="2018-03-19T23:39:16Z">
          <reporter-output>
          </reporter-output>
        </test-method> <!-- mercado -->
        <test-method status="PASS" signature="cleanup()[pri:0, instance:com.MercadoMl.MercadoCompareElements@61862a7f]" name="cleanup" is-config="true" duration-ms="99" started-at="2018-03-19T23:39:16Z" finished-at="2018-03-19T23:39:16Z">
          <reporter-output>
          </reporter-output>
        </test-method> <!-- cleanup -->
      </class> <!-- com.MercadoMl.MercadoCompareElements -->
    </test> <!-- Default test -->
  </suite> <!-- Default suite -->
</testng-results>
