<?xml version="1.0" encoding="UTF-8"?>
<testng-results skipped="0" failed="1" ignored="0" total="1" passed="0">
  <reporter-output>
  </reporter-output>
  <suite name="Default suite" duration-ms="15873" started-at="2018-03-22T23:57:00Z" finished-at="2018-03-22T23:57:16Z">
    <groups>
    </groups>
    <test name="Default test" duration-ms="15873" started-at="2018-03-22T23:57:00Z" finished-at="2018-03-22T23:57:16Z">
      <class name="bootcamp.automation_bootcamp.pedidosYaTest">
        <test-method status="PASS" signature="prepareClass()[pri:0, instance:bootcamp.automation_bootcamp.pedidosYaTest@5876a9af]" name="prepareClass" is-config="true" duration-ms="2555" started-at="2018-03-22T23:57:00Z" finished-at="2018-03-22T23:57:03Z">
          <reporter-output>
          </reporter-output>
        </test-method> <!-- prepareClass -->
        <test-method status="PASS" signature="prepareTest()[pri:0, instance:bootcamp.automation_bootcamp.pedidosYaTest@5876a9af]" name="prepareTest" is-config="true" duration-ms="2597" started-at="2018-03-22T23:57:03Z" finished-at="2018-03-22T23:57:06Z">
          <reporter-output>
          </reporter-output>
        </test-method> <!-- prepareTest -->
        <test-method status="FAIL" signature="pedidosYaTest()[pri:0, instance:bootcamp.automation_bootcamp.pedidosYaTest@5876a9af]" name="pedidosYaTest" duration-ms="10576" started-at="2018-03-22T23:57:06Z" finished-at="2018-03-22T23:57:16Z">
          <exception class="org.openqa.selenium.WebDriverException">
            <message>
              <![CDATA[chrome not reachable
  (Session info: chrome=65.0.3325.162)
  (Driver info: chromedriver=2.37.543619 (a237acd3116cac3b3f0da42a000502ce3fafcb23),platform=Linux 4.4.0-116-generic x86_64) (WARNING: The server did not provide any stacktrace information)
Command duration or timeout: 0 milliseconds
Build info: version: '3.11.0', revision: 'e59cfb3', time: '2018-03-11T20:26:55.152Z'
System info: host: 'test-Latitude-E6530', ip: '127.0.1.1', os.name: 'Linux', os.arch: 'amd64', os.version: '4.4.0-116-generic', java.version: '1.8.0_162'
Driver info: org.openqa.selenium.chrome.ChromeDriver
Capabilities {acceptInsecureCerts: false, acceptSslCerts: false, applicationCacheEnabled: false, browserConnectionEnabled: false, browserName: chrome, chrome: {chromedriverVersion: 2.37.543619 (a237acd3116cac..., userDataDir: /tmp/.org.chromium.Chromium...}, cssSelectorsEnabled: true, databaseEnabled: false, handlesAlerts: true, hasTouchScreen: false, javascriptEnabled: true, locationContextEnabled: true, mobileEmulationEnabled: false, nativeEvents: true, networkConnectionEnabled: false, pageLoadStrategy: normal, platform: LINUX, platformName: LINUX, rotatable: false, setWindowRect: true, takesHeapSnapshot: true, takesScreenshot: true, unexpectedAlertBehaviour: , unhandledPromptBehavior: , version: 65.0.3325.162, webStorageEnabled: true}
Session ID: 77cbee756fc9f2c702612b047012836f
*** Element info: {Using=name, value=q}]]>
            </message>
            <full-stacktrace>
              <![CDATA[org.openqa.selenium.WebDriverException: chrome not reachable
  (Session info: chrome=65.0.3325.162)
  (Driver info: chromedriver=2.37.543619 (a237acd3116cac3b3f0da42a000502ce3fafcb23),platform=Linux 4.4.0-116-generic x86_64) (WARNING: The server did not provide any stacktrace information)
Command duration or timeout: 0 milliseconds
Build info: version: '3.11.0', revision: 'e59cfb3', time: '2018-03-11T20:26:55.152Z'
System info: host: 'test-Latitude-E6530', ip: '127.0.1.1', os.name: 'Linux', os.arch: 'amd64', os.version: '4.4.0-116-generic', java.version: '1.8.0_162'
Driver info: org.openqa.selenium.chrome.ChromeDriver
Capabilities {acceptInsecureCerts: false, acceptSslCerts: false, applicationCacheEnabled: false, browserConnectionEnabled: false, browserName: chrome, chrome: {chromedriverVersion: 2.37.543619 (a237acd3116cac..., userDataDir: /tmp/.org.chromium.Chromium...}, cssSelectorsEnabled: true, databaseEnabled: false, handlesAlerts: true, hasTouchScreen: false, javascriptEnabled: true, locationContextEnabled: true, mobileEmulationEnabled: false, nativeEvents: true, networkConnectionEnabled: false, pageLoadStrategy: normal, platform: LINUX, platformName: LINUX, rotatable: false, setWindowRect: true, takesHeapSnapshot: true, takesScreenshot: true, unexpectedAlertBehaviour: , unhandledPromptBehavior: , version: 65.0.3325.162, webStorageEnabled: true}
Session ID: 77cbee756fc9f2c702612b047012836f
*** Element info: {Using=name, value=q}
at sun.reflect.NativeConstructorAccessorImpl.newInstance0(Native Method)
at sun.reflect.NativeConstructorAccessorImpl.newInstance(NativeConstructorAccessorImpl.java:62)
at sun.reflect.DelegatingConstructorAccessorImpl.newInstance(DelegatingConstructorAccessorImpl.java:45)
at java.lang.reflect.Constructor.newInstance(Constructor.java:423)
at org.openqa.selenium.remote.ErrorHandler.createThrowable(ErrorHandler.java:214)
at org.openqa.selenium.remote.ErrorHandler.throwIfResponseFailed(ErrorHandler.java:166)
at org.openqa.selenium.remote.http.JsonHttpResponseCodec.reconstructValue(JsonHttpResponseCodec.java:40)
at org.openqa.selenium.remote.http.AbstractHttpResponseCodec.decode(AbstractHttpResponseCodec.java:80)
at org.openqa.selenium.remote.http.AbstractHttpResponseCodec.decode(AbstractHttpResponseCodec.java:44)
at org.openqa.selenium.remote.HttpCommandExecutor.execute(HttpCommandExecutor.java:158)
at org.openqa.selenium.remote.service.DriverCommandExecutor.execute(DriverCommandExecutor.java:83)
at org.openqa.selenium.remote.RemoteWebDriver.execute(RemoteWebDriver.java:545)
at org.openqa.selenium.remote.RemoteWebDriver.findElements(RemoteWebDriver.java:346)
at org.openqa.selenium.remote.RemoteWebDriver.findElementsByName(RemoteWebDriver.java:401)
at org.openqa.selenium.By$ByName.findElements(By.java:295)
at org.openqa.selenium.remote.RemoteWebDriver.findElements(RemoteWebDriver.java:307)
at org.openqa.selenium.support.ui.ExpectedConditions.findElement(ExpectedConditions.java:895)
at org.openqa.selenium.support.ui.ExpectedConditions.access$000(ExpectedConditions.java:44)
at org.openqa.selenium.support.ui.ExpectedConditions$7.apply(ExpectedConditions.java:206)
at org.openqa.selenium.support.ui.ExpectedConditions$7.apply(ExpectedConditions.java:202)
at org.openqa.selenium.support.ui.ExpectedConditions$22.apply(ExpectedConditions.java:657)
at org.openqa.selenium.support.ui.ExpectedConditions$22.apply(ExpectedConditions.java:654)
at org.openqa.selenium.support.ui.FluentWait.until(FluentWait.java:248)
at bootcamp.automation_bootcamp.SeleniumUtils.isPresent(SeleniumUtils.java:23)
at bootcamp.automation_bootcamp.HomePagePedidosYa.<init>(HomePagePedidosYa.java:19)
at bootcamp.automation_bootcamp.pedidosYaTest.pedidosYaTest(pedidosYaTest.java:36)
at sun.reflect.NativeMethodAccessorImpl.invoke0(Native Method)
at sun.reflect.NativeMethodAccessorImpl.invoke(NativeMethodAccessorImpl.java:62)
at sun.reflect.DelegatingMethodAccessorImpl.invoke(DelegatingMethodAccessorImpl.java:43)
at java.lang.reflect.Method.invoke(Method.java:498)
at org.testng.internal.MethodInvocationHelper.invokeMethod(MethodInvocationHelper.java:124)
at org.testng.internal.Invoker.invokeMethod(Invoker.java:580)
at org.testng.internal.Invoker.invokeTestMethod(Invoker.java:716)
at org.testng.internal.Invoker.invokeTestMethods(Invoker.java:988)
at org.testng.internal.TestMethodWorker.invokeTestMethods(TestMethodWorker.java:125)
at org.testng.internal.TestMethodWorker.run(TestMethodWorker.java:109)
at org.testng.TestRunner.privateRun(TestRunner.java:648)
at org.testng.TestRunner.run(TestRunner.java:505)
at org.testng.SuiteRunner.runTest(SuiteRunner.java:455)
at org.testng.SuiteRunner.runSequentially(SuiteRunner.java:450)
at org.testng.SuiteRunner.privateRun(SuiteRunner.java:415)
at org.testng.SuiteRunner.run(SuiteRunner.java:364)
at org.testng.SuiteRunnerWorker.runSuite(SuiteRunnerWorker.java:52)
at org.testng.SuiteRunnerWorker.run(SuiteRunnerWorker.java:84)
at org.testng.TestNG.runSuitesSequentially(TestNG.java:1208)
at org.testng.TestNG.runSuitesLocally(TestNG.java:1137)
at org.testng.TestNG.runSuites(TestNG.java:1049)
at org.testng.TestNG.run(TestNG.java:1017)
at org.testng.remote.AbstractRemoteTestNG.run(AbstractRemoteTestNG.java:114)
at org.testng.remote.RemoteTestNG.initAndRun(RemoteTestNG.java:251)
at org.testng.remote.RemoteTestNG.main(RemoteTestNG.java:77)
]]>
            </full-stacktrace>
          </exception> <!-- org.openqa.selenium.WebDriverException -->
          <reporter-output>
          </reporter-output>
        </test-method> <!-- pedidosYaTest -->
        <test-method status="PASS" signature="cleanup()[pri:0, instance:bootcamp.automation_bootcamp.pedidosYaTest@5876a9af]" name="cleanup" is-config="true" duration-ms="84" started-at="2018-03-22T23:57:16Z" finished-at="2018-03-22T23:57:16Z">
          <reporter-output>
          </reporter-output>
        </test-method> <!-- cleanup -->
      </class> <!-- bootcamp.automation_bootcamp.pedidosYaTest -->
    </test> <!-- Default test -->
  </suite> <!-- Default suite -->
</testng-results>
