<?xml version="1.0" encoding="UTF-8"?>
<testng-results skipped="0" failed="0" ignored="0" total="1" passed="1">
  <reporter-output>
  </reporter-output>
  <suite name="Default suite" duration-ms="17343" started-at="2018-03-21T22:15:46Z" finished-at="2018-03-21T22:16:03Z">
    <groups>
    </groups>
    <test name="Default test" duration-ms="17343" started-at="2018-03-21T22:15:46Z" finished-at="2018-03-21T22:16:03Z">
      <class name="com.globant.bootcamp.TestValidarDatosPedido">
        <test-method status="PASS" signature="prepareClass()[pri:0, instance:com.globant.bootcamp.TestValidarDatosPedido@1aa7ecca]" name="prepareClass" is-config="true" duration-ms="1690" started-at="2018-03-21T22:15:46Z" finished-at="2018-03-21T22:15:48Z">
          <reporter-output>
          </reporter-output>
        </test-method> <!-- prepareClass -->
        <test-method status="PASS" signature="prepareTest()[pri:0, instance:com.globant.bootcamp.TestValidarDatosPedido@1aa7ecca]" name="prepareTest" is-config="true" duration-ms="927" started-at="2018-03-21T22:15:48Z" finished-at="2018-03-21T22:15:49Z">
          <reporter-output>
          </reporter-output>
        </test-method> <!-- prepareTest -->
        <test-method status="PASS" signature="ValidarDatos()[pri:0, instance:com.globant.bootcamp.TestValidarDatosPedido@1aa7ecca]" name="ValidarDatos" duration-ms="14630" started-at="2018-03-21T22:15:49Z" finished-at="2018-03-21T22:16:03Z">
          <reporter-output>
          </reporter-output>
        </test-method> <!-- ValidarDatos -->
        <test-method status="PASS" signature="cleanup()[pri:0, instance:com.globant.bootcamp.TestValidarDatosPedido@1aa7ecca]" name="cleanup" is-config="true" duration-ms="76" started-at="2018-03-21T22:16:03Z" finished-at="2018-03-21T22:16:03Z">
          <reporter-output>
          </reporter-output>
        </test-method> <!-- cleanup -->
      </class> <!-- com.globant.bootcamp.TestValidarDatosPedido -->
    </test> <!-- Default test -->
  </suite> <!-- Default suite -->
</testng-results>
