<?xml version="1.0" encoding="UTF-8"?>
<testng-results skipped="0" failed="0" ignored="0" total="1" passed="1">
  <reporter-output>
  </reporter-output>
  <suite name="Default suite" duration-ms="78351" started-at="2018-03-23T18:36:17Z" finished-at="2018-03-23T18:37:35Z">
    <groups>
    </groups>
    <test name="Default test" duration-ms="78351" started-at="2018-03-23T18:36:17Z" finished-at="2018-03-23T18:37:35Z">
      <class name="com.globant.bootcamp.TestValidarDatosPedido">
        <test-method status="PASS" signature="prepareClass()[pri:0, instance:com.globant.bootcamp.TestValidarDatosPedido@6b927fb]" name="prepareClass" is-config="true" duration-ms="2266" started-at="2018-03-23T18:36:17Z" finished-at="2018-03-23T18:36:19Z">
          <reporter-output>
          </reporter-output>
        </test-method> <!-- prepareClass -->
        <test-method status="PASS" signature="prepareTest()[pri:0, instance:com.globant.bootcamp.TestValidarDatosPedido@6b927fb]" name="prepareTest" is-config="true" duration-ms="4888" started-at="2018-03-23T18:36:19Z" finished-at="2018-03-23T18:36:24Z">
          <reporter-output>
          </reporter-output>
        </test-method> <!-- prepareTest -->
        <test-method status="PASS" signature="ValidarDatos()[pri:0, instance:com.globant.bootcamp.TestValidarDatosPedido@6b927fb]" name="ValidarDatos" duration-ms="69567" started-at="2018-03-23T18:36:24Z" finished-at="2018-03-23T18:37:33Z">
          <reporter-output>
          </reporter-output>
        </test-method> <!-- ValidarDatos -->
        <test-method status="PASS" signature="cleanup()[pri:0, instance:com.globant.bootcamp.TestValidarDatosPedido@6b927fb]" name="cleanup" is-config="true" duration-ms="1605" started-at="2018-03-23T18:37:33Z" finished-at="2018-03-23T18:37:35Z">
          <reporter-output>
          </reporter-output>
        </test-method> <!-- cleanup -->
      </class> <!-- com.globant.bootcamp.TestValidarDatosPedido -->
    </test> <!-- Default test -->
  </suite> <!-- Default suite -->
</testng-results>
