<?xml version="1.0" encoding="UTF-8"?>
<testng-results skipped="0" failed="0" total="1" passed="1">
  <reporter-output>
  </reporter-output>
  <suite name="Default suite" duration-ms="6678" started-at="2018-03-21T23:48:26Z" finished-at="2018-03-21T23:48:32Z">
    <groups>
    </groups>
    <test name="Default test" duration-ms="6678" started-at="2018-03-21T23:48:26Z" finished-at="2018-03-21T23:48:32Z">
      <class name="com.PedidosYa.FlagList">
        <test-method status="PASS" signature="prepareClass()[pri:0, instance:com.PedidosYa.FlagList@6dc17b83]" name="prepareClass" is-config="true" duration-ms="1614" started-at="2018-03-22T00:48:26Z" finished-at="2018-03-22T00:48:27Z">
          <reporter-output>
          </reporter-output>
        </test-method> <!-- prepareClass -->
        <test-method status="PASS" signature="prepareTest()[pri:0, instance:com.PedidosYa.FlagList@6dc17b83]" name="prepareTest" is-config="true" duration-ms="1040" started-at="2018-03-22T00:48:27Z" finished-at="2018-03-22T00:48:28Z">
          <reporter-output>
          </reporter-output>
        </test-method> <!-- prepareTest -->
        <test-method status="PASS" signature="flagList()[pri:0, instance:com.PedidosYa.FlagList@6dc17b83]" name="flagList" duration-ms="3940" started-at="2018-03-22T00:48:28Z" finished-at="2018-03-22T00:48:32Z">
          <reporter-output>
          </reporter-output>
        </test-method> <!-- flagList -->
        <test-method status="PASS" signature="cleanup()[pri:0, instance:com.PedidosYa.FlagList@6dc17b83]" name="cleanup" is-config="true" duration-ms="71" started-at="2018-03-22T00:48:32Z" finished-at="2018-03-22T00:48:32Z">
          <reporter-output>
          </reporter-output>
        </test-method> <!-- cleanup -->
      </class> <!-- com.PedidosYa.FlagList -->
    </test> <!-- Default test -->
  </suite> <!-- Default suite -->
</testng-results>
