<?xml version="1.0" encoding="UTF-8"?>
<testng-results skipped="0" failed="1" ignored="0" total="1" passed="0">
  <reporter-output>
  </reporter-output>
  <suite name="Default suite" duration-ms="32153" started-at="2018-03-21T16:36:12Z" finished-at="2018-03-21T16:36:44Z">
    <groups>
    </groups>
    <test name="Default test" duration-ms="32153" started-at="2018-03-21T16:36:12Z" finished-at="2018-03-21T16:36:44Z">
      <class name="com.globant.bootcamp.TestValidarDatosPedido">
        <test-method status="PASS" signature="prepareClass()[pri:0, instance:com.globant.bootcamp.TestValidarDatosPedido@6155d082]" name="prepareClass" is-config="true" duration-ms="2146" started-at="2018-03-21T16:36:12Z" finished-at="2018-03-21T16:36:14Z">
          <reporter-output>
          </reporter-output>
        </test-method> <!-- prepareClass -->
        <test-method status="PASS" signature="prepareTest()[pri:0, instance:com.globant.bootcamp.TestValidarDatosPedido@6155d082]" name="prepareTest" is-config="true" duration-ms="3949" started-at="2018-03-21T16:36:14Z" finished-at="2018-03-21T16:36:18Z">
          <reporter-output>
          </reporter-output>
        </test-method> <!-- prepareTest -->
        <test-method status="FAIL" signature="ValidarDatos()[pri:0, instance:com.globant.bootcamp.TestValidarDatosPedido@6155d082]" name="ValidarDatos" duration-ms="25157" started-at="2018-03-21T16:36:18Z" finished-at="2018-03-21T16:36:43Z">
          <exception class="java.lang.IllegalStateException">
            <message>
              <![CDATA[Pop up did not load.]]>
            </message>
            <full-stacktrace>
              <![CDATA[java.lang.IllegalStateException: Pop up did not load.
at com.globant.bootcamp.PopUpConfirmarUbicacion.<init>(PopUpConfirmarUbicacion.java:37)
at com.globant.bootcamp.PYHomePageUy.IngresarDatos(PYHomePageUy.java:45)
at com.globant.bootcamp.TestValidarDatosPedido.ValidarDatos(TestValidarDatosPedido.java:44)
at sun.reflect.NativeMethodAccessorImpl.invoke0(Native Method)
at sun.reflect.NativeMethodAccessorImpl.invoke(NativeMethodAccessorImpl.java:62)
at sun.reflect.DelegatingMethodAccessorImpl.invoke(DelegatingMethodAccessorImpl.java:43)
at java.lang.reflect.Method.invoke(Method.java:498)
at org.testng.internal.MethodInvocationHelper.invokeMethod(MethodInvocationHelper.java:124)
at org.testng.internal.Invoker.invokeMethod(Invoker.java:580)
at org.testng.internal.Invoker.invokeTestMethod(Invoker.java:716)
at org.testng.internal.Invoker.invokeTestMethods(Invoker.java:988)
at org.testng.internal.TestMethodWorker.invokeTestMethods(TestMethodWorker.java:125)
at org.testng.internal.TestMethodWorker.run(TestMethodWorker.java:109)
at org.testng.TestRunner.privateRun(TestRunner.java:648)
at org.testng.TestRunner.run(TestRunner.java:505)
at org.testng.SuiteRunner.runTest(SuiteRunner.java:455)
at org.testng.SuiteRunner.runSequentially(SuiteRunner.java:450)
at org.testng.SuiteRunner.privateRun(SuiteRunner.java:415)
at org.testng.SuiteRunner.run(SuiteRunner.java:364)
at org.testng.SuiteRunnerWorker.runSuite(SuiteRunnerWorker.java:52)
at org.testng.SuiteRunnerWorker.run(SuiteRunnerWorker.java:84)
at org.testng.TestNG.runSuitesSequentially(TestNG.java:1208)
at org.testng.TestNG.runSuitesLocally(TestNG.java:1137)
at org.testng.TestNG.runSuites(TestNG.java:1049)
at org.testng.TestNG.run(TestNG.java:1017)
at org.testng.remote.AbstractRemoteTestNG.run(AbstractRemoteTestNG.java:114)
at org.testng.remote.RemoteTestNG.initAndRun(RemoteTestNG.java:251)
at org.testng.remote.RemoteTestNG.main(RemoteTestNG.java:77)
]]>
            </full-stacktrace>
          </exception> <!-- java.lang.IllegalStateException -->
          <reporter-output>
          </reporter-output>
        </test-method> <!-- ValidarDatos -->
        <test-method status="PASS" signature="cleanup()[pri:0, instance:com.globant.bootcamp.TestValidarDatosPedido@6155d082]" name="cleanup" is-config="true" duration-ms="870" started-at="2018-03-21T16:36:43Z" finished-at="2018-03-21T16:36:44Z">
          <reporter-output>
          </reporter-output>
        </test-method> <!-- cleanup -->
      </class> <!-- com.globant.bootcamp.TestValidarDatosPedido -->
    </test> <!-- Default test -->
  </suite> <!-- Default suite -->
</testng-results>
