<?xml version="1.0" encoding="UTF-8"?>
<testng-results skipped="0" failed="0" ignored="0" total="1" passed="1">
  <reporter-output>
  </reporter-output>
  <suite name="Default suite" duration-ms="54963" started-at="2018-03-23T18:06:50Z" finished-at="2018-03-23T18:07:45Z">
    <groups>
    </groups>
    <test name="Default test" duration-ms="54963" started-at="2018-03-23T18:06:50Z" finished-at="2018-03-23T18:07:45Z">
      <class name="com.globant.bootcamp.TestValidarDatosPedido">
        <test-method status="PASS" signature="prepareClass()[pri:0, instance:com.globant.bootcamp.TestValidarDatosPedido@6b927fb]" name="prepareClass" is-config="true" duration-ms="2281" started-at="2018-03-23T18:06:50Z" finished-at="2018-03-23T18:06:52Z">
          <reporter-output>
          </reporter-output>
        </test-method> <!-- prepareClass -->
        <test-method status="PASS" signature="prepareTest()[pri:0, instance:com.globant.bootcamp.TestValidarDatosPedido@6b927fb]" name="prepareTest" is-config="true" duration-ms="4213" started-at="2018-03-23T18:06:52Z" finished-at="2018-03-23T18:06:56Z">
          <reporter-output>
          </reporter-output>
        </test-method> <!-- prepareTest -->
        <test-method status="PASS" signature="ValidarDatos()[pri:0, instance:com.globant.bootcamp.TestValidarDatosPedido@6b927fb]" name="ValidarDatos" duration-ms="47463" started-at="2018-03-23T18:06:56Z" finished-at="2018-03-23T18:07:44Z">
          <reporter-output>
          </reporter-output>
        </test-method> <!-- ValidarDatos -->
        <test-method status="PASS" signature="cleanup()[pri:0, instance:com.globant.bootcamp.TestValidarDatosPedido@6b927fb]" name="cleanup" is-config="true" duration-ms="988" started-at="2018-03-23T18:07:44Z" finished-at="2018-03-23T18:07:45Z">
          <reporter-output>
          </reporter-output>
        </test-method> <!-- cleanup -->
      </class> <!-- com.globant.bootcamp.TestValidarDatosPedido -->
    </test> <!-- Default test -->
  </suite> <!-- Default suite -->
</testng-results>
