<?xml version="1.0" encoding="UTF-8"?>
<testng-results skipped="0" failed="0" total="1" passed="1">
  <reporter-output>
  </reporter-output>
  <suite name="Default suite" duration-ms="82725" started-at="2018-03-20T21:11:29Z" finished-at="2018-03-20T21:12:52Z">
    <groups>
    </groups>
    <test name="Default test" duration-ms="82725" started-at="2018-03-20T21:11:29Z" finished-at="2018-03-20T21:12:52Z">
      <class name="com.PedidosYa.TestPedidosYa">
        <test-method status="PASS" signature="prepareClass()[pri:0, instance:com.PedidosYa.TestPedidosYa@32eff876]" name="prepareClass" is-config="true" duration-ms="12048" started-at="2018-03-20T22:11:29Z" finished-at="2018-03-20T22:11:41Z">
          <reporter-output>
          </reporter-output>
        </test-method> <!-- prepareClass -->
        <test-method status="PASS" signature="prepareTest()[pri:0, instance:com.PedidosYa.TestPedidosYa@32eff876]" name="prepareTest" is-config="true" duration-ms="4404" started-at="2018-03-20T22:11:41Z" finished-at="2018-03-20T22:11:46Z">
          <reporter-output>
          </reporter-output>
        </test-method> <!-- prepareTest -->
        <test-method status="PASS" signature="makeOrder(java.lang.String)[pri:0, instance:com.PedidosYa.TestPedidosYa@32eff876]" name="makeOrder" duration-ms="65921" started-at="2018-03-20T22:11:46Z" data-provider="direccion" finished-at="2018-03-20T22:12:52Z">
          <params>
            <param index="0">
              <value>
                <![CDATA[Nicaragua 1666]]>
              </value>
            </param>
          </params>
          <reporter-output>
          </reporter-output>
        </test-method> <!-- makeOrder -->
        <test-method status="PASS" signature="cleanup()[pri:0, instance:com.PedidosYa.TestPedidosYa@32eff876]" name="cleanup" is-config="true" duration-ms="282" started-at="2018-03-20T22:12:52Z" finished-at="2018-03-20T22:12:52Z">
          <reporter-output>
          </reporter-output>
        </test-method> <!-- cleanup -->
      </class> <!-- com.PedidosYa.TestPedidosYa -->
    </test> <!-- Default test -->
  </suite> <!-- Default suite -->
</testng-results>
