<?xml version="1.0" encoding="UTF-8"?>
<testng-results skipped="0" failed="0" ignored="0" total="1" passed="1">
  <reporter-output>
  </reporter-output>
  <suite name="Default suite" duration-ms="22489" started-at="2018-03-23T00:09:37Z" finished-at="2018-03-23T00:09:59Z">
    <groups>
    </groups>
    <test name="Default test" duration-ms="22489" started-at="2018-03-23T00:09:37Z" finished-at="2018-03-23T00:09:59Z">
      <class name="automation_bootcamp_2.e_mail.TestCorreo">
        <test-method status="PASS" signature="prepareClass()[pri:0, instance:automation_bootcamp_2.e_mail.TestCorreo@5876a9af]" name="prepareClass" is-config="true" duration-ms="1427" started-at="2018-03-23T00:09:37Z" finished-at="2018-03-23T00:09:38Z">
          <reporter-output>
          </reporter-output>
        </test-method> <!-- prepareClass -->
        <test-method status="PASS" signature="prepareTest()[pri:0, instance:automation_bootcamp_2.e_mail.TestCorreo@5876a9af]" name="prepareTest" is-config="true" duration-ms="1007" started-at="2018-03-23T00:09:38Z" finished-at="2018-03-23T00:09:39Z">
          <reporter-output>
          </reporter-output>
        </test-method> <!-- prepareTest -->
        <test-method status="PASS" signature="IngresarCorreo()[pri:0, instance:automation_bootcamp_2.e_mail.TestCorreo@5876a9af]" name="IngresarCorreo" duration-ms="19960" started-at="2018-03-23T00:09:39Z" finished-at="2018-03-23T00:09:59Z">
          <reporter-output>
          </reporter-output>
        </test-method> <!-- IngresarCorreo -->
        <test-method status="PASS" signature="cleanup()[pri:0, instance:automation_bootcamp_2.e_mail.TestCorreo@5876a9af]" name="cleanup" is-config="true" duration-ms="74" started-at="2018-03-23T00:09:59Z" finished-at="2018-03-23T00:09:59Z">
          <reporter-output>
          </reporter-output>
        </test-method> <!-- cleanup -->
      </class> <!-- automation_bootcamp_2.e_mail.TestCorreo -->
    </test> <!-- Default test -->
  </suite> <!-- Default suite -->
</testng-results>
