<?xml version="1.0" encoding="UTF-8"?>
<testng-results skipped="0" failed="0" ignored="0" total="1" passed="1">
  <reporter-output>
  </reporter-output>
  <suite name="Default suite" duration-ms="18588" started-at="2018-03-20T19:31:25Z" finished-at="2018-03-20T19:31:43Z">
    <groups>
    </groups>
    <test name="Default test" duration-ms="18588" started-at="2018-03-20T19:31:25Z" finished-at="2018-03-20T19:31:43Z">
      <class name="com.globant.automation.PedidosYaTest">
        <test-method status="PASS" signature="prepareClass()[pri:0, instance:com.globant.automation.PedidosYaTest@3e58a80e]" name="prepareClass" is-config="true" duration-ms="1592" started-at="2018-03-20T19:31:25Z" finished-at="2018-03-20T19:31:26Z">
          <reporter-output>
          </reporter-output>
        </test-method> <!-- prepareClass -->
        <test-method status="PASS" signature="prepareTest()[pri:0, instance:com.globant.automation.PedidosYaTest@3e58a80e]" name="prepareTest" is-config="true" duration-ms="2558" started-at="2018-03-20T19:31:26Z" finished-at="2018-03-20T19:31:29Z">
          <reporter-output>
          </reporter-output>
        </test-method> <!-- prepareTest -->
        <test-method status="PASS" signature="testPedidosYa()[pri:0, instance:com.globant.automation.PedidosYaTest@3e58a80e]" name="testPedidosYa" duration-ms="13683" started-at="2018-03-20T19:31:29Z" finished-at="2018-03-20T19:31:43Z">
          <reporter-output>
          </reporter-output>
        </test-method> <!-- testPedidosYa -->
        <test-method status="PASS" signature="cleanup()[pri:0, instance:com.globant.automation.PedidosYaTest@3e58a80e]" name="cleanup" is-config="true" duration-ms="739" started-at="2018-03-20T19:31:43Z" finished-at="2018-03-20T19:31:43Z">
          <reporter-output>
          </reporter-output>
        </test-method> <!-- cleanup -->
      </class> <!-- com.globant.automation.PedidosYaTest -->
    </test> <!-- Default test -->
  </suite> <!-- Default suite -->
</testng-results>
