<?xml version="1.0" encoding="UTF-8"?>
<testng-results skipped="0" failed="0" ignored="0" total="1" passed="1">
  <reporter-output>
  </reporter-output>
  <suite name="Default suite" duration-ms="5085" started-at="2018-03-19T23:23:51Z" finished-at="2018-03-19T23:23:56Z">
    <groups>
    </groups>
    <test name="Default test" duration-ms="5085" started-at="2018-03-19T23:23:51Z" finished-at="2018-03-19T23:23:56Z">
      <class name="com.globant.automation.PedidosYaTest">
        <test-method status="PASS" signature="prepareClass()[pri:0, instance:com.globant.automation.PedidosYaTest@1aa7ecca]" name="prepareClass" is-config="true" duration-ms="1935" started-at="2018-03-19T23:23:51Z" finished-at="2018-03-19T23:23:53Z">
          <reporter-output>
          </reporter-output>
        </test-method> <!-- prepareClass -->
        <test-method status="PASS" signature="prepareTest()[pri:0, instance:com.globant.automation.PedidosYaTest@1aa7ecca]" name="prepareTest" is-config="true" duration-ms="2983" started-at="2018-03-19T23:23:53Z" finished-at="2018-03-19T23:23:56Z">
          <reporter-output>
          </reporter-output>
        </test-method> <!-- prepareTest -->
        <test-method status="PASS" signature="a()[pri:0, instance:com.globant.automation.PedidosYaTest@1aa7ecca]" name="a" duration-ms="7" started-at="2018-03-19T23:23:56Z" finished-at="2018-03-19T23:23:56Z">
          <reporter-output>
          </reporter-output>
        </test-method> <!-- a -->
        <test-method status="PASS" signature="cleanup()[pri:0, instance:com.globant.automation.PedidosYaTest@1aa7ecca]" name="cleanup" is-config="true" duration-ms="138" started-at="2018-03-19T23:23:56Z" finished-at="2018-03-19T23:23:56Z">
          <reporter-output>
          </reporter-output>
        </test-method> <!-- cleanup -->
      </class> <!-- com.globant.automation.PedidosYaTest -->
    </test> <!-- Default test -->
  </suite> <!-- Default suite -->
</testng-results>
