<?xml version="1.0" encoding="UTF-8"?>
<testng-results skipped="0" failed="1" ignored="0" total="1" passed="0">
  <reporter-output>
  </reporter-output>
  <suite name="Default suite" duration-ms="47690" started-at="2018-03-19T18:48:37Z" finished-at="2018-03-19T18:49:25Z">
    <groups>
    </groups>
    <test name="Default test" duration-ms="47690" started-at="2018-03-19T18:48:37Z" finished-at="2018-03-19T18:49:25Z">
      <class name="com.globant.automation.MercadoLibreOfertasTest">
        <test-method status="PASS" signature="prepareClass()[pri:0, instance:com.globant.automation.MercadoLibreOfertasTest@7e07db1f]" name="prepareClass" is-config="true" duration-ms="1187" started-at="2018-03-19T18:48:37Z" finished-at="2018-03-19T18:48:39Z">
          <reporter-output>
          </reporter-output>
        </test-method> <!-- prepareClass -->
        <test-method status="PASS" signature="prepareTest()[pri:0, instance:com.globant.automation.MercadoLibreOfertasTest@7e07db1f]" name="prepareTest" is-config="true" duration-ms="1738" started-at="2018-03-19T18:48:39Z" finished-at="2018-03-19T18:48:40Z">
          <reporter-output>
          </reporter-output>
        </test-method> <!-- prepareTest -->
        <test-method status="FAIL" signature="ofertasTest()[pri:0, instance:com.globant.automation.MercadoLibreOfertasTest@7e07db1f]" name="ofertasTest" duration-ms="44594" started-at="2018-03-19T18:48:40Z" finished-at="2018-03-19T18:49:25Z">
          <exception class="java.lang.AssertionError">
            <message>
              <![CDATA[Lists differ at element [0]: Set Ollas Completo 53 Piezas Bateria Tramontina  != Set Ollas Completo 53 Piezas Bateria Tramontina expected [Set Ollas Completo 53 Piezas Bateria Tramontina ] but found [Set Ollas Completo 53 Piezas Bateria Tramontina]]]>
            </message>
            <full-stacktrace>
              <![CDATA[java.lang.AssertionError: Lists differ at element [0]: Set Ollas Completo 53 Piezas Bateria Tramontina  != Set Ollas Completo 53 Piezas Bateria Tramontina expected [Set Ollas Completo 53 Piezas Bateria Tramontina ] but found [Set Ollas Completo 53 Piezas Bateria Tramontina]
at org.testng.Assert.fail(Assert.java:96)
at org.testng.Assert.failNotEquals(Assert.java:776)
at org.testng.Assert.assertEqualsImpl(Assert.java:137)
at org.testng.Assert.assertEquals(Assert.java:831)
at org.testng.Assert.assertEquals(Assert.java:796)
at com.globant.automation.MercadoLibreOfertasTest.ofertasTest(MercadoLibreOfertasTest.java:80)
at sun.reflect.NativeMethodAccessorImpl.invoke0(Native Method)
at sun.reflect.NativeMethodAccessorImpl.invoke(NativeMethodAccessorImpl.java:62)
at sun.reflect.DelegatingMethodAccessorImpl.invoke(DelegatingMethodAccessorImpl.java:43)
at java.lang.reflect.Method.invoke(Method.java:497)
at org.testng.internal.MethodInvocationHelper.invokeMethod(MethodInvocationHelper.java:124)
at org.testng.internal.Invoker.invokeMethod(Invoker.java:580)
at org.testng.internal.Invoker.invokeTestMethod(Invoker.java:716)
at org.testng.internal.Invoker.invokeTestMethods(Invoker.java:988)
at org.testng.internal.TestMethodWorker.invokeTestMethods(TestMethodWorker.java:125)
at org.testng.internal.TestMethodWorker.run(TestMethodWorker.java:109)
at org.testng.TestRunner.privateRun(TestRunner.java:648)
at org.testng.TestRunner.run(TestRunner.java:505)
at org.testng.SuiteRunner.runTest(SuiteRunner.java:455)
at org.testng.SuiteRunner.runSequentially(SuiteRunner.java:450)
at org.testng.SuiteRunner.privateRun(SuiteRunner.java:415)
at org.testng.SuiteRunner.run(SuiteRunner.java:364)
at org.testng.SuiteRunnerWorker.runSuite(SuiteRunnerWorker.java:52)
at org.testng.SuiteRunnerWorker.run(SuiteRunnerWorker.java:84)
at org.testng.TestNG.runSuitesSequentially(TestNG.java:1208)
at org.testng.TestNG.runSuitesLocally(TestNG.java:1137)
at org.testng.TestNG.runSuites(TestNG.java:1049)
at org.testng.TestNG.run(TestNG.java:1017)
at org.testng.remote.AbstractRemoteTestNG.run(AbstractRemoteTestNG.java:114)
at org.testng.remote.RemoteTestNG.initAndRun(RemoteTestNG.java:251)
at org.testng.remote.RemoteTestNG.main(RemoteTestNG.java:77)
]]>
            </full-stacktrace>
          </exception> <!-- java.lang.AssertionError -->
          <reporter-output>
          </reporter-output>
        </test-method> <!-- ofertasTest -->
        <test-method status="PASS" signature="cleanUp()[pri:0, instance:com.globant.automation.MercadoLibreOfertasTest@7e07db1f]" name="cleanUp" is-config="true" duration-ms="148" started-at="2018-03-19T18:49:25Z" finished-at="2018-03-19T18:49:25Z">
          <reporter-output>
          </reporter-output>
        </test-method> <!-- cleanUp -->
      </class> <!-- com.globant.automation.MercadoLibreOfertasTest -->
    </test> <!-- Default test -->
  </suite> <!-- Default suite -->
</testng-results>
