<?xml version="1.0" encoding="UTF-8"?>
<testng-results skipped="0" failed="0" ignored="0" total="1" passed="1">
  <reporter-output>
  </reporter-output>
  <suite name="Default suite" duration-ms="36589" started-at="2018-03-21T22:58:37Z" finished-at="2018-03-21T22:59:13Z">
    <groups>
    </groups>
    <test name="Default test" duration-ms="36589" started-at="2018-03-21T22:58:37Z" finished-at="2018-03-21T22:59:13Z">
      <class name="test.PedidosYa.TestRealizarPedido">
        <test-method status="PASS" signature="prepareClass()[pri:0, instance:test.PedidosYa.TestRealizarPedido@4466af20]" name="prepareClass" is-config="true" duration-ms="2836" started-at="2018-03-21T22:58:37Z" finished-at="2018-03-21T22:58:39Z">
          <reporter-output>
          </reporter-output>
        </test-method> <!-- prepareClass -->
        <test-method status="PASS" signature="prepareTest()[pri:0, instance:test.PedidosYa.TestRealizarPedido@4466af20]" name="prepareTest" is-config="true" duration-ms="899" started-at="2018-03-21T22:58:39Z" finished-at="2018-03-21T22:58:40Z">
          <reporter-output>
          </reporter-output>
        </test-method> <!-- prepareTest -->
        <test-method status="PASS" signature="realizarCompra()[pri:0, instance:test.PedidosYa.TestRealizarPedido@4466af20]" name="realizarCompra" duration-ms="32759" started-at="2018-03-21T22:58:40Z" finished-at="2018-03-21T22:59:13Z">
          <reporter-output>
          </reporter-output>
        </test-method> <!-- realizarCompra -->
        <test-method status="PASS" signature="cleanup()[pri:0, instance:test.PedidosYa.TestRealizarPedido@4466af20]" name="cleanup" is-config="true" duration-ms="78" started-at="2018-03-21T22:59:13Z" finished-at="2018-03-21T22:59:13Z">
          <reporter-output>
          </reporter-output>
        </test-method> <!-- cleanup -->
      </class> <!-- test.PedidosYa.TestRealizarPedido -->
    </test> <!-- Default test -->
  </suite> <!-- Default suite -->
</testng-results>
