<?xml version="1.0" encoding="UTF-8"?>
<!-- Generated by org.testng.reporters.JUnitXMLReporter -->
<testsuite hostname="Gonzalo-HP" ignored="0" name="Default test" tests="5" failures="0" timestamp="21 mar 2018 04:56:25 GMT" time="100.87" errors="0">
  <testcase name="testPedidosYa" time="16.958" classname="com.globant.automation.PedidosYaTest"/>
  <testcase name="testPedidosYa" time="18.673" classname="com.globant.automation.PedidosYaTest"/>
  <testcase name="testPedidosYa" time="15.164" classname="com.globant.automation.PedidosYaTest"/>
  <testcase name="testPedidosYa" time="16.625" classname="com.globant.automation.PedidosYaTest"/>
  <testcase name="testPedidosYa" time="17.12" classname="com.globant.automation.PedidosYaTest"/>
</testsuite> <!-- Default test -->
